2020-05-03T18:29:23+00:00 Yi-PC#00 I: Runner: processes
2020-05-03T18:29:23+00:00 Yi-PC#00 I: Chooser: simple
2020-05-03T18:29:23+00:00 Yi-PC#00 I: Configuration suite_name = "suite"
2020-05-03T18:29:23+00:00 Yi-PC#00 I: Configuration cache_filename = "/mnt/c/Users/Vola/Documents/3110/cs3110-a5/a5/_build/oUnit-$(suite_name).cache"
2020-05-03T18:29:23+00:00 Yi-PC#00 I: Configuration run_gc_full_major = "true"
2020-05-03T18:29:23+00:00 Yi-PC#00 I: Configuration display = "true"
2020-05-03T18:29:23+00:00 Yi-PC#00 I: Configuration results_style_1_X = "false"
2020-05-03T18:29:23+00:00 Yi-PC#00 I: Configuration testdata_dir = "none"
2020-05-03T18:29:23+00:00 Yi-PC#00 I: Configuration health_check_interval = "1."
2020-05-03T18:29:23+00:00 Yi-PC#00 I: Configuration verbose = "false"
2020-05-03T18:29:23+00:00 Yi-PC#00 I: Configuration chooser = "simple"
2020-05-03T18:29:23+00:00 Yi-PC#00 I: Configuration output_html_dir = "none"
2020-05-03T18:29:23+00:00 Yi-PC#00 I: Configuration processes_kill_period = "5."
2020-05-03T18:29:23+00:00 Yi-PC#00 I: Configuration runner = "processes"
2020-05-03T18:29:23+00:00 Yi-PC#00 I: Configuration shards = "2"
2020-05-03T18:29:23+00:00 Yi-PC#00 I: Configuration processes_grace_period = "5."
2020-05-03T18:29:23+00:00 Yi-PC#00 I: Configuration log_encoding = "utf-8"
2020-05-03T18:29:23+00:00 Yi-PC#00 I: Configuration output_junit_file = "none"
2020-05-03T18:29:23+00:00 Yi-PC#00 I: Configuration ci = "false"
2020-05-03T18:29:23+00:00 Yi-PC#00 I: Configuration output_file = "/mnt/c/Users/Vola/Documents/3110/cs3110-a5/a5/_build/oUnit-$(suite_name)-$(shard_id).log"
2020-05-03T18:29:24+00:00 Yi-PC#00 I: Using 2 workers maximum.
2020-05-03T18:29:24+00:00 Yi-PC#00 I: Starting worker number Yi-PC#01.
2020-05-03T18:29:24+00:00 Yi-PC#00 I: Worker Yi-PC#01 started.
2020-05-03T18:29:24+00:00 Yi-PC#00 I: Starting worker number Yi-PC#02.
2020-05-03T18:29:24+00:00 Yi-PC#00 I: Worker Yi-PC#02 started.
2020-05-03T18:29:24+00:00 Yi-PC#00 I: Still 2 tests running : suite:1:false, suite:0:true.
2020-05-03T18:29:24+00:00 Yi-PC#00 I: 2 tests running: suite:1:false, suite:0:true.
2020-05-03T18:29:24+00:00 Yi-PC#01 I: Start test suite:0:true.
2020-05-03T18:29:24+00:00 Yi-PC#00 I: Still 2 tests running : suite:1:false, suite:0:true.
2020-05-03T18:29:24+00:00 Yi-PC#00 I: 2 tests running: suite:1:false, suite:0:true.
2020-05-03T18:29:24+00:00 Yi-PC#02 I: Start test suite:1:false.
2020-05-03T18:29:24+00:00 Yi-PC#00 I: Still 2 tests running : suite:1:false, suite:0:true.
2020-05-03T18:29:24+00:00 Yi-PC#00 I: 2 tests running: suite:1:false, suite:0:true.
2020-05-03T18:29:24+00:00 Yi-PC#01 I: Test suite:0:true is successful.
2020-05-03T18:29:24+00:00 Yi-PC#00 I: Still 2 tests running : suite:1:false, suite:0:true.
2020-05-03T18:29:24+00:00 Yi-PC#00 I: 2 tests running: suite:1:false, suite:0:true.
2020-05-03T18:29:24+00:00 Yi-PC#01 I: End test suite:0:true.
2020-05-03T18:29:24+00:00 Yi-PC#00 I: Still 2 tests running : suite:1:false, suite:0:true.
2020-05-03T18:29:24+00:00 Yi-PC#00 I: 2 tests running: suite:1:false, suite:0:true.
2020-05-03T18:29:24+00:00 Yi-PC#00 I: Still 1 tests running : suite:1:false.
2020-05-03T18:29:24+00:00 Yi-PC#00 I: 1 tests running: suite:1:false.
2020-05-03T18:29:24+00:00 Yi-PC#02 I: Test suite:1:false is successful.
2020-05-03T18:29:24+00:00 Yi-PC#00 I: Still 1 tests running : suite:1:false.
2020-05-03T18:29:24+00:00 Yi-PC#00 I: 1 tests running: suite:1:false.
2020-05-03T18:29:24+00:00 Yi-PC#02 I: End test suite:1:false.
2020-05-03T18:29:24+00:00 Yi-PC#00 I: Still 1 tests running : suite:1:false.
2020-05-03T18:29:24+00:00 Yi-PC#00 I: 1 tests running: suite:1:false.
2020-05-03T18:29:24+00:00 Yi-PC#00 I: 0 tests running: .
2020-05-03T18:29:24+00:00 Yi-PC#00 I: Worker Yi-PC#01 has ended.
2020-05-03T18:29:24+00:00 Yi-PC#00 I: Worker Yi-PC#02 has ended.
2020-05-03T18:29:24+00:00 Yi-PC#00 I: Used 2 worker during test execution.
2020-05-03T18:29:24+00:00 Yi-PC#00 I: Run 1 tests with shard Yi-PC#01.
2020-05-03T18:29:24+00:00 Yi-PC#00 I: Run 1 tests with shard Yi-PC#02.
2020-05-03T18:29:24+00:00 Yi-PC#00 I: Check health of shard Yi-PC#01, 4 times.
2020-05-03T18:29:24+00:00 Yi-PC#00 I: Check health of shard Yi-PC#02, 1 times.
2020-05-03T18:29:24+00:00 Yi-PC#00 I: ==============
2020-05-03T18:29:24+00:00 Yi-PC#00 I: Summary:
2020-05-03T18:29:24+00:00 Yi-PC#00 I: Test suite:1:false is successful.
2020-05-03T18:29:24+00:00 Yi-PC#00 I: Test suite:0:true is successful.
2020-05-03T18:29:24+00:00 Yi-PC#00 I: Ran: 2 tests in: 0.16 seconds.
2020-05-03T18:29:24+00:00 Yi-PC#00 I: Cases: 2.
2020-05-03T18:29:24+00:00 Yi-PC#00 I: Tried: 2.
2020-05-03T18:29:24+00:00 Yi-PC#00 I: Errors: 0.
2020-05-03T18:29:24+00:00 Yi-PC#00 I: Failures: 0.
2020-05-03T18:29:24+00:00 Yi-PC#00 I: Skip: 0.
2020-05-03T18:29:24+00:00 Yi-PC#00 I: Todo: 0.
2020-05-03T18:29:24+00:00 Yi-PC#00 I: Timeout: 0.
